2017-10-22 13:45:34,963 Starting 2 processes
2017-10-22 13:45:41,721 200 POST /request (127.0.0.1) 0.84ms
2017-10-22 13:45:41,892 list index out of range
2017-10-22 13:45:41,893 ('51Job爬虫', '田康博', '前程无忧', '...starting')
2017-10-22 13:45:41,937 Starting new HTTP connection (1): search.51job.com
2017-10-22 13:45:42,615 Starting new HTTP connection (1): jobs.51job.com
2017-10-22 13:45:42,934 Starting new HTTP connection (1): jobs.51job.com
2017-10-22 13:45:43,880 Starting new HTTP connection (1): jobs.51job.com
2017-10-22 13:45:44,488 Starting new HTTP connection (1): jobs.51job.com
2017-10-22 13:45:44,765 Starting new HTTP connection (1): jobs.51job.com
2017-10-22 13:45:45,045 Starting new HTTP connection (1): jobs.51job.com
2017-10-22 13:45:45,334 Starting new HTTP connection (1): jobs.51job.com
2017-10-22 13:45:45,653 Starting new HTTP connection (1): jobs.51job.com
2017-10-22 13:45:45,946 Starting new HTTP connection (1): jobs.51job.com
2017-10-22 13:45:46,227 Starting new HTTP connection (1): jobs.51job.com
2017-10-22 13:45:46,499 Starting new HTTP connection (1): jobs.51job.com
2017-10-22 13:45:46,734 Starting new HTTP connection (1): jobs.51job.com
2017-10-22 13:45:47,014 Starting new HTTP connection (1): jobs.51job.com
2017-10-22 13:45:47,300 Starting new HTTP connection (1): jobs.51job.com
2017-10-22 13:45:47,673 Starting new HTTP connection (1): jobs.51job.com
2017-10-22 13:45:48,029 Starting new HTTP connection (1): jobs.51job.com
2017-10-22 13:45:48,320 Starting new HTTP connection (1): jobs.51job.com
2017-10-22 13:45:48,854 Starting new HTTP connection (1): jobs.51job.com
2017-10-22 13:45:49,497 Starting new HTTP connection (1): jobs.51job.com
2017-10-22 13:45:50,236 Starting new HTTP connection (1): jobs.51job.com
2017-10-22 13:45:50,511 Starting new HTTP connection (1): jobs.51job.com
2017-10-22 13:45:50,793 Starting new HTTP connection (1): jobs.51job.com
2017-10-22 13:45:51,288 Starting new HTTP connection (1): jobs.51job.com
2017-10-22 13:45:51,532 Starting new HTTP connection (1): jobs.51job.com
2017-10-22 13:45:51,792 Starting new HTTP connection (1): jobs.51job.com
2017-10-22 13:45:52,366 Starting new HTTP connection (1): jobs.51job.com
2017-10-22 13:45:52,667 Starting new HTTP connection (1): jobs.51job.com
2017-10-22 13:45:52,951 Starting new HTTP connection (1): jobs.51job.com
2017-10-22 13:45:53,465 Starting new HTTP connection (1): jobs.51job.com
2017-10-22 13:45:53,786 Starting new HTTP connection (1): jobs.51job.com
2017-10-22 13:45:54,388 Starting new HTTP connection (1): jobs.51job.com
2017-10-22 13:45:54,696 Starting new HTTP connection (1): jobs.51job.com
2017-10-22 13:45:55,440 Starting new HTTP connection (1): jobs.51job.com
2017-10-22 13:45:55,756 Starting new HTTP connection (1): jobs.51job.com
2017-10-22 13:45:56,141 Starting new HTTP connection (1): jobs.51job.com
2017-10-22 13:45:56,491 Starting new HTTP connection (1): jobs.51job.com
2017-10-22 13:45:56,797 Starting new HTTP connection (1): jobs.51job.com
2017-10-22 13:45:58,585 Starting new HTTP connection (1): jobs.51job.com
2017-10-22 13:45:58,833 Starting new HTTP connection (1): jobs.51job.com
2017-10-22 13:45:59,235 Starting new HTTP connection (1): jobs.51job.com
2017-10-22 13:45:59,522 Starting new HTTP connection (1): jobs.51job.com
2017-10-22 13:45:59,932 Starting new HTTP connection (1): jobs.51job.com
2017-10-22 13:46:00,545 Starting new HTTP connection (1): jobs.51job.com
2017-10-22 13:46:00,849 Starting new HTTP connection (1): jobs.51job.com
2017-10-22 13:46:01,133 Starting new HTTP connection (1): jobs.51job.com
2017-10-22 13:46:01,513 Starting new HTTP connection (1): jobs.51job.com
2017-10-22 13:46:01,872 Starting new HTTP connection (1): jobs.51job.com
2017-10-22 13:46:02,145 Starting new HTTP connection (1): jobs.51job.com
2017-10-22 13:46:02,431 Starting new HTTP connection (1): jobs.51job.com
2017-10-22 13:46:02,741 Starting new HTTP connection (1): search.51job.com
2017-10-22 13:46:03,460 Starting new HTTP connection (1): jobs.51job.com
2017-10-22 13:46:03,754 Starting new HTTP connection (1): jobs.51job.com
2017-10-22 13:46:04,951 Starting new HTTP connection (1): jobs.51job.com
2017-10-22 13:46:05,358 Starting new HTTP connection (1): jobs.51job.com
2017-10-22 13:46:05,955 Starting new HTTP connection (1): jobs.51job.com
2017-10-22 13:46:06,293 Starting new HTTP connection (1): jobs.51job.com
2017-10-22 13:46:06,583 Starting new HTTP connection (1): jobs.51job.com
2017-10-22 13:46:06,858 Starting new HTTP connection (1): jobs.51job.com
2017-10-22 13:46:07,177 Starting new HTTP connection (1): jobs.51job.com
2017-10-22 13:46:07,454 Starting new HTTP connection (1): jobs.51job.com
2017-10-22 13:46:07,857 Starting new HTTP connection (1): jobs.51job.com
2017-10-22 13:46:08,164 Starting new HTTP connection (1): jobs.51job.com
2017-10-22 13:46:08,432 Starting new HTTP connection (1): jobs.51job.com
2017-10-22 13:46:08,699 Starting new HTTP connection (1): jobs.51job.com
2017-10-22 13:46:09,390 Starting new HTTP connection (1): jobs.51job.com
2017-10-22 13:46:09,697 Starting new HTTP connection (1): jobs.51job.com
2017-10-22 13:46:10,085 Starting new HTTP connection (1): jobs.51job.com
2017-10-22 13:46:10,432 Starting new HTTP connection (1): jobs.51job.com
2017-10-22 13:46:10,788 Starting new HTTP connection (1): jobs.51job.com
2017-10-22 13:46:11,133 Starting new HTTP connection (1): jobs.51job.com
2017-10-22 13:46:11,456 Starting new HTTP connection (1): jobs.51job.com
2017-10-22 13:46:11,777 Starting new HTTP connection (1): jobs.51job.com
2017-10-22 13:46:12,079 Starting new HTTP connection (1): jobs.51job.com
2017-10-22 13:46:12,458 Starting new HTTP connection (1): jobs.51job.com
2017-10-22 13:46:13,001 Starting new HTTP connection (1): jobs.51job.com
2017-10-22 13:46:13,285 Starting new HTTP connection (1): jobs.51job.com
2017-10-22 13:46:13,590 Starting new HTTP connection (1): jobs.51job.com
2017-10-22 13:46:13,897 Starting new HTTP connection (1): jobs.51job.com
2017-10-22 13:46:14,205 Starting new HTTP connection (1): jobs.51job.com
2017-10-22 13:46:14,477 Starting new HTTP connection (1): jobs.51job.com
2017-10-22 13:46:14,775 Starting new HTTP connection (1): jobs.51job.com
2017-10-22 13:46:15,129 Starting new HTTP connection (1): jobs.51job.com
2017-10-22 13:46:15,424 Starting new HTTP connection (1): jobs.51job.com
2017-10-22 13:46:15,762 Starting new HTTP connection (1): jobs.51job.com
2017-10-22 13:46:16,070 Starting new HTTP connection (1): jobs.51job.com
2017-10-22 13:46:16,667 Starting new HTTP connection (1): jobs.51job.com
2017-10-22 13:46:16,976 Starting new HTTP connection (1): jobs.51job.com
2017-10-22 13:46:17,269 Starting new HTTP connection (1): jobs.51job.com
2017-10-22 13:46:17,584 Starting new HTTP connection (1): jobs.51job.com
2017-10-22 13:46:17,847 Starting new HTTP connection (1): jobs.51job.com
2017-10-22 13:46:18,144 Starting new HTTP connection (1): jobs.51job.com
2017-10-22 13:46:18,479 Starting new HTTP connection (1): jobs.51job.com
2017-10-22 13:46:18,787 Starting new HTTP connection (1): jobs.51job.com
2017-10-22 13:46:19,154 Starting new HTTP connection (1): jobs.51job.com
2017-10-22 13:46:19,442 Starting new HTTP connection (1): jobs.51job.com
2017-10-22 13:46:19,750 Starting new HTTP connection (1): jobs.51job.com
2017-10-22 13:46:20,117 Starting new HTTP connection (1): jobs.51job.com
2017-10-22 13:46:20,388 Starting new HTTP connection (1): jobs.51job.com
2017-10-22 13:46:20,737 Starting new HTTP connection (1): jobs.51job.com
2017-10-22 13:46:21,110 Starting new HTTP connection (1): search.51job.com
2017-10-22 13:46:21,837 Starting new HTTP connection (1): jobs.51job.com
2017-10-22 13:46:22,140 Starting new HTTP connection (1): jobs.51job.com
2017-10-22 13:46:22,577 Starting new HTTP connection (1): jobs.51job.com
2017-10-22 13:46:23,738 Starting new HTTP connection (1): jobs.51job.com
2017-10-22 13:46:24,011 Starting new HTTP connection (1): jobs.51job.com
2017-10-22 13:46:24,292 Starting new HTTP connection (1): jobs.51job.com
2017-10-22 13:46:24,561 Starting new HTTP connection (1): jobs.51job.com
2017-10-22 13:46:25,170 Starting new HTTP connection (1): jobs.51job.com
2017-10-22 13:46:25,638 Starting new HTTP connection (1): jobs.51job.com
2017-10-22 13:46:25,959 Starting new HTTP connection (1): jobs.51job.com
2017-10-22 13:46:26,525 Starting new HTTP connection (1): jobs.51job.com
2017-10-22 13:46:26,817 Starting new HTTP connection (1): jobs.51job.com
2017-10-22 13:46:27,174 Starting new HTTP connection (1): jobs.51job.com
2017-10-22 13:46:27,497 Starting new HTTP connection (1): jobs.51job.com
2017-10-22 13:46:27,796 Starting new HTTP connection (1): jobs.51job.com
2017-10-22 13:46:28,252 Starting new HTTP connection (1): jobs.51job.com
2017-10-22 13:46:29,547 Starting new HTTP connection (1): jobs.51job.com
2017-10-22 13:46:29,831 Starting new HTTP connection (1): jobs.51job.com
2017-10-22 13:46:30,082 Starting new HTTP connection (1): jobs.51job.com
2017-10-22 13:46:30,417 Starting new HTTP connection (1): jobs.51job.com
2017-10-22 13:46:30,942 Starting new HTTP connection (1): jobs.51job.com
2017-10-22 13:46:31,344 Starting new HTTP connection (1): jobs.51job.com
2017-10-22 13:46:31,758 Starting new HTTP connection (1): jobs.51job.com
2017-10-22 13:46:32,085 Starting new HTTP connection (1): jobs.51job.com
2017-10-22 13:46:32,377 Starting new HTTP connection (1): jobs.51job.com
2017-10-22 13:46:33,038 Starting new HTTP connection (1): jobs.51job.com
2017-10-22 13:46:33,358 Starting new HTTP connection (1): jobs.51job.com
2017-10-22 13:46:33,618 Starting new HTTP connection (1): jobs.51job.com
2017-10-22 13:46:34,666 Starting new HTTP connection (1): jobs.51job.com
2017-10-22 13:46:34,958 Starting new HTTP connection (1): jobs.51job.com
2017-10-22 13:46:35,270 Starting new HTTP connection (1): jobs.51job.com
2017-10-22 13:46:35,538 Starting new HTTP connection (1): jobs.51job.com
2017-10-22 13:46:35,853 Starting new HTTP connection (1): jobs.51job.com
2017-10-22 13:46:36,198 Starting new HTTP connection (1): jobs.51job.com
2017-10-22 13:46:36,524 Starting new HTTP connection (1): jobs.51job.com
2017-10-22 13:46:36,804 Starting new HTTP connection (1): jobs.51job.com
2017-10-22 13:46:37,175 Starting new HTTP connection (1): jobs.51job.com
2017-10-22 13:46:37,464 Starting new HTTP connection (1): jobs.51job.com
2017-10-22 13:46:37,757 Starting new HTTP connection (1): jobs.51job.com
2017-10-22 13:46:38,060 Starting new HTTP connection (1): jobs.51job.com
2017-10-22 13:46:38,542 Starting new HTTP connection (1): jobs.51job.com
2017-10-22 13:46:38,846 Starting new HTTP connection (1): jobs.51job.com
2017-10-22 13:46:40,749 Starting new HTTP connection (1): jobs.51job.com
2017-10-22 13:46:41,038 Starting new HTTP connection (1): jobs.51job.com
2017-10-22 13:46:41,440 Starting new HTTP connection (1): jobs.51job.com
2017-10-22 13:46:41,725 Starting new HTTP connection (1): jobs.51job.com
2017-10-22 13:46:42,133 Starting new HTTP connection (1): jobs.51job.com
2017-10-22 13:46:42,428 Starting new HTTP connection (1): jobs.51job.com
2017-10-22 13:46:42,782 Starting new HTTP connection (1): jobs.51job.com
2017-10-22 13:46:43,284 Starting new HTTP connection (1): search.51job.com
2017-10-22 13:46:44,261 Starting new HTTP connection (1): jobs.51job.com
2017-10-22 13:46:44,549 Starting new HTTP connection (1): jobs.51job.com
2017-10-22 13:46:44,930 Starting new HTTP connection (1): jobs.51job.com
2017-10-22 13:46:45,285 Starting new HTTP connection (1): jobs.51job.com
2017-10-22 13:46:45,647 Starting new HTTP connection (1): jobs.51job.com
2017-10-22 13:46:45,970 Starting new HTTP connection (1): jobs.51job.com
2017-10-22 13:46:46,800 Starting new HTTP connection (1): jobs.51job.com
2017-10-22 13:46:47,279 Starting new HTTP connection (1): jobs.51job.com
2017-10-22 13:46:47,575 Starting new HTTP connection (1): jobs.51job.com
2017-10-22 13:46:48,151 Starting new HTTP connection (1): jobs.51job.com
2017-10-22 13:46:48,467 Starting new HTTP connection (1): jobs.51job.com
2017-10-22 13:46:48,767 Starting new HTTP connection (1): jobs.51job.com
2017-10-22 13:46:49,092 Starting new HTTP connection (1): jobs.51job.com
2017-10-22 13:46:49,439 Starting new HTTP connection (1): jobs.51job.com
2017-10-22 13:46:49,717 Starting new HTTP connection (1): jobs.51job.com
2017-10-22 13:46:50,011 Starting new HTTP connection (1): jobs.51job.com
2017-10-22 13:46:50,298 Starting new HTTP connection (1): jobs.51job.com
2017-10-22 13:46:50,765 Starting new HTTP connection (1): jobs.51job.com
2017-10-22 13:46:51,507 Starting new HTTP connection (1): jobs.51job.com
2017-10-22 13:46:51,814 Starting new HTTP connection (1): jobs.51job.com
2017-10-22 13:46:52,103 Starting new HTTP connection (1): jobs.51job.com
2017-10-22 13:46:52,391 Starting new HTTP connection (1): jobs.51job.com
2017-10-22 13:46:52,686 Starting new HTTP connection (1): jobs.51job.com
2017-10-22 13:46:52,969 Starting new HTTP connection (1): jobs.51job.com
2017-10-22 13:46:53,268 Starting new HTTP connection (1): jobs.51job.com
2017-10-22 13:46:53,573 Starting new HTTP connection (1): jobs.51job.com
2017-10-22 13:46:53,886 Starting new HTTP connection (1): jobs.51job.com
2017-10-22 13:46:54,190 Starting new HTTP connection (1): jobs.51job.com
2017-10-22 13:46:54,495 Starting new HTTP connection (1): jobs.51job.com
2017-10-22 13:46:54,784 Starting new HTTP connection (1): jobs.51job.com
2017-10-22 13:46:55,131 Starting new HTTP connection (1): jobs.51job.com
2017-10-22 13:46:55,417 Starting new HTTP connection (1): jobs.51job.com
2017-10-22 13:46:55,735 Starting new HTTP connection (1): jobs.51job.com
2017-10-22 13:46:56,033 Starting new HTTP connection (1): jobs.51job.com
2017-10-22 13:46:56,339 Starting new HTTP connection (1): jobs.51job.com
2017-10-22 13:46:56,728 Starting new HTTP connection (1): jobs.51job.com
2017-10-22 13:46:57,046 Starting new HTTP connection (1): jobs.51job.com
2017-10-22 13:46:57,340 Starting new HTTP connection (1): jobs.51job.com
2017-10-22 13:46:57,668 Starting new HTTP connection (1): jobs.51job.com
2017-10-22 13:46:57,939 Starting new HTTP connection (1): jobs.51job.com
2017-10-22 13:46:58,246 Starting new HTTP connection (1): jobs.51job.com
2017-10-22 13:46:58,622 Starting new HTTP connection (1): jobs.51job.com
2017-10-22 13:46:58,894 Starting new HTTP connection (1): jobs.51job.com
2017-10-22 13:46:59,364 Starting new HTTP connection (1): jobs.51job.com
2017-10-22 13:46:59,777 Starting new HTTP connection (1): jobs.51job.com
2017-10-22 13:47:01,082 Starting new HTTP connection (1): jobs.51job.com
2017-10-22 13:47:01,375 Starting new HTTP connection (1): jobs.51job.com
2017-10-22 13:47:01,719 Starting new HTTP connection (1): jobs.51job.com
2017-10-22 13:47:02,033 Starting new HTTP connection (1): jobs.51job.com
2017-10-22 13:47:02,330 Starting new HTTP connection (1): search.51job.com
2017-10-22 13:47:03,125 Starting new HTTP connection (1): jobs.51job.com
2017-10-22 13:47:03,399 Starting new HTTP connection (1): jobs.51job.com
2017-10-22 13:47:03,651 Starting new HTTP connection (1): jobs.51job.com
2017-10-22 13:47:03,929 Starting new HTTP connection (1): jobs.51job.com
2017-10-22 13:47:04,220 Starting new HTTP connection (1): jobs.51job.com
2017-10-22 13:47:04,498 Starting new HTTP connection (1): jobs.51job.com
2017-10-22 13:47:04,772 Starting new HTTP connection (1): jobs.51job.com
2017-10-22 13:47:05,054 Starting new HTTP connection (1): jobs.51job.com
2017-10-22 13:47:05,364 Starting new HTTP connection (1): jobs.51job.com
2017-10-22 13:47:05,681 Starting new HTTP connection (1): jobs.51job.com
2017-10-22 13:47:06,027 Starting new HTTP connection (1): jobs.51job.com
2017-10-22 13:47:06,372 Starting new HTTP connection (1): jobs.51job.com
2017-10-22 13:47:06,626 Starting new HTTP connection (1): jobs.51job.com
2017-10-22 13:47:06,921 Starting new HTTP connection (1): jobs.51job.com
2017-10-22 13:47:07,530 Starting new HTTP connection (1): jobs.51job.com
2017-10-22 13:47:07,832 Starting new HTTP connection (1): jobs.51job.com
2017-10-22 13:47:08,233 Starting new HTTP connection (1): jobs.51job.com
2017-10-22 13:47:08,520 Starting new HTTP connection (1): jobs.51job.com
2017-10-22 13:47:09,069 Starting new HTTP connection (1): jobs.51job.com
2017-10-22 13:47:09,368 Starting new HTTP connection (1): jobs.51job.com
2017-10-22 13:47:09,624 Starting new HTTP connection (1): jobs.51job.com
2017-10-22 13:47:09,936 Starting new HTTP connection (1): jobs.51job.com
2017-10-22 13:47:10,219 Starting new HTTP connection (1): jobs.51job.com
2017-10-22 13:47:10,505 Starting new HTTP connection (1): jobs.51job.com
2017-10-22 13:47:10,880 Starting new HTTP connection (1): jobs.51job.com
2017-10-22 13:47:11,183 Starting new HTTP connection (1): jobs.51job.com
2017-10-22 13:47:11,476 Starting new HTTP connection (1): jobs.51job.com
2017-10-22 13:47:11,789 Starting new HTTP connection (1): jobs.51job.com
2017-10-22 13:47:12,085 Starting new HTTP connection (1): jobs.51job.com
2017-10-22 13:47:12,391 Starting new HTTP connection (1): jobs.51job.com
2017-10-22 13:47:12,708 Starting new HTTP connection (1): jobs.51job.com
2017-10-22 13:47:13,254 Starting new HTTP connection (1): jobs.51job.com
2017-10-22 13:47:13,564 Starting new HTTP connection (1): jobs.51job.com
2017-10-22 13:47:13,976 Starting new HTTP connection (1): jobs.51job.com
2017-10-22 13:47:14,568 Starting new HTTP connection (1): jobs.51job.com
2017-10-22 13:47:14,860 Starting new HTTP connection (1): jobs.51job.com
2017-10-22 13:47:15,148 Starting new HTTP connection (1): jobs.51job.com
2017-10-22 13:47:15,437 Starting new HTTP connection (1): jobs.51job.com
2017-10-22 13:47:15,719 Starting new HTTP connection (1): jobs.51job.com
2017-10-22 13:47:17,231 Starting new HTTP connection (1): jobs.51job.com
2017-10-22 13:47:17,697 Starting new HTTP connection (1): jobs.51job.com
2017-10-22 13:47:18,975 Starting new HTTP connection (1): jobs.51job.com
2017-10-22 13:47:19,225 Starting new HTTP connection (1): jobs.51job.com
2017-10-22 13:47:19,522 Starting new HTTP connection (1): jobs.51job.com
2017-10-22 13:47:19,808 Starting new HTTP connection (1): jobs.51job.com
2017-10-22 13:47:20,105 Starting new HTTP connection (1): jobs.51job.com
2017-10-22 13:47:20,534 Starting new HTTP connection (1): jobs.51job.com
2017-10-22 13:47:20,813 Starting new HTTP connection (1): jobs.51job.com
2017-10-22 13:47:22,471 Starting new HTTP connection (1): jobs.51job.com
2017-10-22 13:47:22,771 
2017-10-22 13:47:22,774 ('51Job爬虫', '田康博', '前程无忧', '...stoping')
